supervisor: couldn't exec /home/ubuntu/things//bin/gunicorn_start.bash: ENOEXEC
supervisor: child process was not spawned
supervisor: couldn't exec /home/ubuntu/things//bin/gunicorn_start.bash: ENOEXEC
supervisor: child process was not spawned
supervisor: couldn't exec /home/ubuntu/things//bin/gunicorn_start.bash: ENOEXEC
supervisor: child process was not spawned
supervisor: couldn't exec /home/ubuntu/things//bin/gunicorn_start.bash: ENOEXEC
supervisor: child process was not spawned
Starting things as root
[2015-10-19 05:18:10 +0000] [19729] [INFO] Starting gunicorn 19.3.0
[2015-10-19 05:18:10 +0000] [19729] [INFO] Listening at: unix:/home/ubuntu/things/run/gunicorn.sock (19729)
[2015-10-19 05:18:10 +0000] [19729] [INFO] Using worker: sync
[2015-10-19 05:18:10 +0000] [19738] [INFO] Booting worker with pid: 19738
[2015-10-19 05:18:33 +0000] [19729] [INFO] Handling signal: term
[2015-10-18 22:18:33 -0700] [19738] [INFO] Worker exiting (pid: 19738)
[2015-10-19 05:18:33 +0000] [19729] [INFO] Shutting down: Master
Starting things as root
[2015-10-19 05:18:42 +0000] [19746] [INFO] Starting gunicorn 19.3.0
[2015-10-19 05:18:42 +0000] [19746] [INFO] Listening at: unix:/home/ubuntu/things/run/gunicorn.sock (19746)
[2015-10-19 05:18:42 +0000] [19746] [INFO] Using worker: sync
[2015-10-19 05:18:42 +0000] [19755] [INFO] Booting worker with pid: 19755
[2015-10-19 05:20:59 +0000] [19746] [INFO] Handling signal: term
[2015-10-18 22:20:59 -0700] [19755] [INFO] Worker exiting (pid: 19755)
[2015-10-19 05:20:59 +0000] [19746] [INFO] Shutting down: Master
Starting things as root
[2015-10-19 05:21:00 +0000] [19799] [INFO] Starting gunicorn 19.3.0
[2015-10-19 05:21:00 +0000] [19799] [INFO] Listening at: unix:/home/ubuntu/things/run/gunicorn.sock (19799)
[2015-10-19 05:21:00 +0000] [19799] [INFO] Using worker: sync
[2015-10-19 05:21:00 +0000] [19808] [INFO] Booting worker with pid: 19808
[2015-10-19 13:42:01 +0000] [19799] [INFO] Handling signal: term
[2015-10-19 06:42:01 -0700] [19808] [INFO] Worker exiting (pid: 19808)
[2015-10-19 13:42:01 +0000] [19799] [INFO] Shutting down: Master
Starting things as root
[2015-10-19 13:42:02 +0000] [20446] [INFO] Starting gunicorn 19.3.0
[2015-10-19 13:42:02 +0000] [20446] [INFO] Listening at: unix:/home/ubuntu/things/run/gunicorn.sock (20446)
[2015-10-19 13:42:02 +0000] [20446] [INFO] Using worker: sync
[2015-10-19 13:42:02 +0000] [20455] [INFO] Booting worker with pid: 20455
[2015-10-19 13:47:50 +0000] [20446] [INFO] Handling signal: term
[2015-10-19 06:47:50 -0700] [20455] [INFO] Worker exiting (pid: 20455)
[2015-10-19 13:47:50 +0000] [20446] [INFO] Shutting down: Master
Starting things as root
[2015-10-19 13:47:51 +0000] [20522] [INFO] Starting gunicorn 19.3.0
[2015-10-19 13:47:51 +0000] [20522] [INFO] Listening at: unix:/home/ubuntu/things/run/gunicorn.sock (20522)
[2015-10-19 13:47:51 +0000] [20522] [INFO] Using worker: sync
[2015-10-19 13:47:51 +0000] [20531] [INFO] Booting worker with pid: 20531
[2015-10-19 13:48:43 +0000] [20522] [INFO] Handling signal: term
[2015-10-19 06:48:43 -0700] [20531] [INFO] Worker exiting (pid: 20531)
[2015-10-19 13:48:43 +0000] [20522] [INFO] Shutting down: Master
Starting things as root
[2015-10-19 13:48:44 +0000] [20536] [INFO] Starting gunicorn 19.3.0
[2015-10-19 13:48:44 +0000] [20536] [INFO] Listening at: unix:/home/ubuntu/things/run/gunicorn.sock (20536)
[2015-10-19 13:48:44 +0000] [20536] [INFO] Using worker: sync
[2015-10-19 13:48:44 +0000] [20545] [INFO] Booting worker with pid: 20545
[2015-10-19 13:50:04 +0000] [20536] [INFO] Handling signal: term
[2015-10-19 06:50:04 -0700] [20545] [INFO] Worker exiting (pid: 20545)
[2015-10-19 13:50:04 +0000] [20536] [INFO] Shutting down: Master
Starting things as root
[2015-10-19 13:50:06 +0000] [20551] [INFO] Starting gunicorn 19.3.0
[2015-10-19 13:50:06 +0000] [20551] [INFO] Listening at: unix:/home/ubuntu/things/run/gunicorn.sock (20551)
[2015-10-19 13:50:06 +0000] [20551] [INFO] Using worker: sync
[2015-10-19 13:50:06 +0000] [20560] [INFO] Booting worker with pid: 20560
[2015-10-19 13:53:22 +0000] [20551] [INFO] Handling signal: term
[2015-10-19 06:53:22 -0700] [20560] [INFO] Worker exiting (pid: 20560)
[2015-10-19 13:53:22 +0000] [20551] [INFO] Shutting down: Master
Starting things as root
[2015-10-19 13:53:23 +0000] [20566] [INFO] Starting gunicorn 19.3.0
[2015-10-19 13:53:23 +0000] [20566] [INFO] Listening at: unix:/home/ubuntu/things/run/gunicorn.sock (20566)
[2015-10-19 13:53:23 +0000] [20566] [INFO] Using worker: sync
[2015-10-19 13:53:23 +0000] [20575] [INFO] Booting worker with pid: 20575
[2015-10-19 13:56:15 +0000] [20566] [INFO] Handling signal: term
[2015-10-19 06:56:15 -0700] [20575] [INFO] Worker exiting (pid: 20575)
[2015-10-19 13:56:15 +0000] [20566] [INFO] Shutting down: Master
Starting things as root
[2015-10-19 13:56:16 +0000] [20581] [INFO] Starting gunicorn 19.3.0
[2015-10-19 13:56:16 +0000] [20581] [INFO] Listening at: unix:/home/ubuntu/things/run/gunicorn.sock (20581)
[2015-10-19 13:56:16 +0000] [20581] [INFO] Using worker: sync
[2015-10-19 13:56:16 +0000] [20590] [INFO] Booting worker with pid: 20590
[2015-10-19 13:58:10 +0000] [20581] [INFO] Handling signal: term
[2015-10-19 06:58:10 -0700] [20590] [INFO] Worker exiting (pid: 20590)
[2015-10-19 13:58:10 +0000] [20581] [INFO] Shutting down: Master
Starting things as root
[2015-10-19 13:58:11 +0000] [20597] [INFO] Starting gunicorn 19.3.0
[2015-10-19 13:58:11 +0000] [20597] [INFO] Listening at: unix:/home/ubuntu/things/run/gunicorn.sock (20597)
[2015-10-19 13:58:11 +0000] [20597] [INFO] Using worker: sync
[2015-10-19 13:58:11 +0000] [20606] [INFO] Booting worker with pid: 20606
[2015-10-19 14:01:25 +0000] [20597] [INFO] Handling signal: term
[2015-10-19 07:01:25 -0700] [20606] [INFO] Worker exiting (pid: 20606)
[2015-10-19 14:01:25 +0000] [20597] [INFO] Shutting down: Master
Starting things as root
[2015-10-19 14:01:26 +0000] [20622] [INFO] Starting gunicorn 19.3.0
[2015-10-19 14:01:26 +0000] [20622] [INFO] Listening at: unix:/home/ubuntu/things/run/gunicorn.sock (20622)
[2015-10-19 14:01:26 +0000] [20622] [INFO] Using worker: sync
[2015-10-19 14:01:26 +0000] [20631] [INFO] Booting worker with pid: 20631
[2015-10-19 14:02:36 +0000] [20622] [INFO] Handling signal: term
[2015-10-19 07:02:36 -0700] [20631] [INFO] Worker exiting (pid: 20631)
[2015-10-19 14:02:36 +0000] [20622] [INFO] Shutting down: Master
Starting things as root
[2015-10-19 14:02:38 +0000] [20646] [INFO] Starting gunicorn 19.3.0
[2015-10-19 14:02:38 +0000] [20646] [INFO] Listening at: unix:/home/ubuntu/things/run/gunicorn.sock (20646)
[2015-10-19 14:02:38 +0000] [20646] [INFO] Using worker: sync
[2015-10-19 14:02:38 +0000] [20655] [INFO] Booting worker with pid: 20655
[2015-10-19 14:04:20 +0000] [20646] [INFO] Handling signal: term
[2015-10-19 07:04:20 -0700] [20655] [INFO] Worker exiting (pid: 20655)
[2015-10-19 14:04:20 +0000] [20646] [INFO] Shutting down: Master
Starting things as root
[2015-10-19 14:04:21 +0000] [20663] [INFO] Starting gunicorn 19.3.0
[2015-10-19 14:04:21 +0000] [20663] [INFO] Listening at: unix:/home/ubuntu/things/run/gunicorn.sock (20663)
[2015-10-19 14:04:21 +0000] [20663] [INFO] Using worker: sync
[2015-10-19 14:04:21 +0000] [20672] [INFO] Booting worker with pid: 20672
[2015-10-19 14:17:49 +0000] [20663] [INFO] Handling signal: term
[2015-10-19 07:17:49 -0700] [20672] [INFO] Worker exiting (pid: 20672)
[2015-10-19 14:17:50 +0000] [20663] [INFO] Shutting down: Master
Starting things as root
[2015-10-19 14:17:51 +0000] [20699] [INFO] Starting gunicorn 19.3.0
[2015-10-19 14:17:51 +0000] [20699] [INFO] Listening at: unix:/home/ubuntu/things/run/gunicorn.sock (20699)
[2015-10-19 14:17:51 +0000] [20699] [INFO] Using worker: sync
[2015-10-19 14:17:51 +0000] [20708] [INFO] Booting worker with pid: 20708
[2015-10-19 14:18:16 +0000] [20699] [INFO] Handling signal: term
[2015-10-19 07:18:16 -0700] [20708] [INFO] Worker exiting (pid: 20708)
[2015-10-19 14:18:16 +0000] [20699] [INFO] Shutting down: Master
Starting things as root
[2015-10-19 14:18:17 +0000] [20715] [INFO] Starting gunicorn 19.3.0
[2015-10-19 14:18:17 +0000] [20715] [INFO] Listening at: unix:/home/ubuntu/things/run/gunicorn.sock (20715)
[2015-10-19 14:18:17 +0000] [20715] [INFO] Using worker: sync
[2015-10-19 14:18:17 +0000] [20724] [INFO] Booting worker with pid: 20724
[2015-10-19 14:23:04 +0000] [20715] [INFO] Handling signal: term
[2015-10-19 07:23:04 -0700] [20724] [INFO] Worker exiting (pid: 20724)
[2015-10-19 14:23:04 +0000] [20715] [INFO] Shutting down: Master
Starting things as root
[2015-10-19 14:23:05 +0000] [20734] [INFO] Starting gunicorn 19.3.0
[2015-10-19 14:23:05 +0000] [20734] [INFO] Listening at: unix:/home/ubuntu/things/run/gunicorn.sock (20734)
[2015-10-19 14:23:05 +0000] [20734] [INFO] Using worker: sync
[2015-10-19 14:23:05 +0000] [20743] [INFO] Booting worker with pid: 20743
[2015-10-19 14:23:37 +0000] [20734] [INFO] Handling signal: term
[2015-10-19 07:23:37 -0700] [20743] [INFO] Worker exiting (pid: 20743)
[2015-10-19 14:23:37 +0000] [20734] [INFO] Shutting down: Master
Starting things as root
[2015-10-19 14:23:39 +0000] [20751] [INFO] Starting gunicorn 19.3.0
[2015-10-19 14:23:39 +0000] [20751] [INFO] Listening at: unix:/home/ubuntu/things/run/gunicorn.sock (20751)
[2015-10-19 14:23:39 +0000] [20751] [INFO] Using worker: sync
[2015-10-19 14:23:39 +0000] [20760] [INFO] Booting worker with pid: 20760
[2015-10-19 14:25:14 +0000] [20751] [INFO] Handling signal: term
[2015-10-19 07:25:14 -0700] [20760] [INFO] Worker exiting (pid: 20760)
[2015-10-19 14:25:14 +0000] [20751] [INFO] Shutting down: Master
Starting things as root
[2015-10-19 14:25:15 +0000] [20768] [INFO] Starting gunicorn 19.3.0
[2015-10-19 14:25:15 +0000] [20768] [INFO] Listening at: unix:/home/ubuntu/things/run/gunicorn.sock (20768)
[2015-10-19 14:25:15 +0000] [20768] [INFO] Using worker: sync
[2015-10-19 14:25:15 +0000] [20777] [INFO] Booting worker with pid: 20777
[2015-10-19 14:26:54 +0000] [20768] [INFO] Handling signal: term
[2015-10-19 07:26:54 -0700] [20777] [INFO] Worker exiting (pid: 20777)
[2015-10-19 14:26:54 +0000] [20768] [INFO] Shutting down: Master
Starting things as root
[2015-10-19 14:26:55 +0000] [20785] [INFO] Starting gunicorn 19.3.0
[2015-10-19 14:26:55 +0000] [20785] [INFO] Listening at: unix:/home/ubuntu/things/run/gunicorn.sock (20785)
[2015-10-19 14:26:55 +0000] [20785] [INFO] Using worker: sync
[2015-10-19 14:26:55 +0000] [20794] [INFO] Booting worker with pid: 20794
[2015-10-19 14:30:20 +0000] [20785] [INFO] Handling signal: term
[2015-10-19 07:30:20 -0700] [20794] [INFO] Worker exiting (pid: 20794)
[2015-10-19 14:30:20 +0000] [20785] [INFO] Shutting down: Master
Starting things as root
[2015-10-19 14:30:22 +0000] [20810] [INFO] Starting gunicorn 19.3.0
[2015-10-19 14:30:22 +0000] [20810] [INFO] Listening at: unix:/home/ubuntu/things/run/gunicorn.sock (20810)
[2015-10-19 14:30:22 +0000] [20810] [INFO] Using worker: sync
[2015-10-19 14:30:22 +0000] [20819] [INFO] Booting worker with pid: 20819
[2015-10-19 14:32:13 +0000] [20810] [INFO] Handling signal: term
[2015-10-19 07:32:13 -0700] [20819] [INFO] Worker exiting (pid: 20819)
[2015-10-19 14:32:13 +0000] [20810] [INFO] Shutting down: Master
Starting things as root
[2015-10-19 14:32:14 +0000] [20825] [INFO] Starting gunicorn 19.3.0
[2015-10-19 14:32:14 +0000] [20825] [INFO] Listening at: unix:/home/ubuntu/things/run/gunicorn.sock (20825)
[2015-10-19 14:32:14 +0000] [20825] [INFO] Using worker: sync
[2015-10-19 14:32:14 +0000] [20834] [INFO] Booting worker with pid: 20834
[2015-10-19 14:36:19 +0000] [20825] [INFO] Handling signal: term
[2015-10-19 07:36:19 -0700] [20834] [INFO] Worker exiting (pid: 20834)
[2015-10-19 14:36:19 +0000] [20825] [INFO] Shutting down: Master
Starting things as root
[2015-10-19 14:36:20 +0000] [20842] [INFO] Starting gunicorn 19.3.0
[2015-10-19 14:36:20 +0000] [20842] [INFO] Listening at: unix:/home/ubuntu/things/run/gunicorn.sock (20842)
[2015-10-19 14:36:20 +0000] [20842] [INFO] Using worker: sync
[2015-10-19 14:36:20 +0000] [20851] [INFO] Booting worker with pid: 20851
[2015-10-19 14:37:42 +0000] [20842] [INFO] Handling signal: term
[2015-10-19 07:37:42 -0700] [20851] [INFO] Worker exiting (pid: 20851)
[2015-10-19 14:37:42 +0000] [20842] [INFO] Shutting down: Master
Starting things as root
[2015-10-19 14:37:44 +0000] [20859] [INFO] Starting gunicorn 19.3.0
[2015-10-19 14:37:44 +0000] [20859] [INFO] Listening at: unix:/home/ubuntu/things/run/gunicorn.sock (20859)
[2015-10-19 14:37:44 +0000] [20859] [INFO] Using worker: sync
[2015-10-19 14:37:44 +0000] [20868] [INFO] Booting worker with pid: 20868
[2015-10-19 14:38:42 +0000] [20859] [INFO] Handling signal: term
[2015-10-19 07:38:42 -0700] [20868] [INFO] Worker exiting (pid: 20868)
[2015-10-19 14:38:42 +0000] [20859] [INFO] Shutting down: Master
Starting things as root
[2015-10-19 14:38:43 +0000] [20876] [INFO] Starting gunicorn 19.3.0
[2015-10-19 14:38:43 +0000] [20876] [INFO] Listening at: unix:/home/ubuntu/things/run/gunicorn.sock (20876)
[2015-10-19 14:38:43 +0000] [20876] [INFO] Using worker: sync
[2015-10-19 14:38:43 +0000] [20885] [INFO] Booting worker with pid: 20885
[2015-10-19 14:43:53 +0000] [20876] [INFO] Handling signal: term
[2015-10-19 07:43:53 -0700] [20885] [INFO] Worker exiting (pid: 20885)
[2015-10-19 14:43:53 +0000] [20876] [INFO] Shutting down: Master
Starting things as root
[2015-10-19 14:43:54 +0000] [20907] [INFO] Starting gunicorn 19.3.0
[2015-10-19 14:43:54 +0000] [20907] [INFO] Listening at: unix:/home/ubuntu/things/run/gunicorn.sock (20907)
[2015-10-19 14:43:54 +0000] [20907] [INFO] Using worker: sync
[2015-10-19 14:43:54 +0000] [20916] [INFO] Booting worker with pid: 20916
[2015-10-19 14:45:53 +0000] [20907] [INFO] Handling signal: term
[2015-10-19 07:45:53 -0700] [20916] [INFO] Worker exiting (pid: 20916)
[2015-10-19 14:45:53 +0000] [20907] [INFO] Shutting down: Master
Starting things as root
[2015-10-19 14:45:55 +0000] [20922] [INFO] Starting gunicorn 19.3.0
[2015-10-19 14:45:55 +0000] [20922] [INFO] Listening at: unix:/home/ubuntu/things/run/gunicorn.sock (20922)
[2015-10-19 14:45:55 +0000] [20922] [INFO] Using worker: sync
[2015-10-19 14:45:55 +0000] [20931] [INFO] Booting worker with pid: 20931
[2015-10-19 14:48:17 +0000] [20922] [INFO] Handling signal: term
[2015-10-19 07:48:17 -0700] [20931] [INFO] Worker exiting (pid: 20931)
[2015-10-19 14:48:17 +0000] [20922] [INFO] Shutting down: Master
Starting things as root
[2015-10-19 14:48:18 +0000] [20939] [INFO] Starting gunicorn 19.3.0
[2015-10-19 14:48:18 +0000] [20939] [INFO] Listening at: unix:/home/ubuntu/things/run/gunicorn.sock (20939)
[2015-10-19 14:48:18 +0000] [20939] [INFO] Using worker: sync
[2015-10-19 14:48:18 +0000] [20948] [INFO] Booting worker with pid: 20948
[2015-10-19 14:51:07 +0000] [20939] [INFO] Handling signal: term
[2015-10-19 07:51:07 -0700] [20948] [INFO] Worker exiting (pid: 20948)
[2015-10-19 14:51:07 +0000] [20939] [INFO] Shutting down: Master
Starting things as root
[2015-10-19 14:51:08 +0000] [20954] [INFO] Starting gunicorn 19.3.0
[2015-10-19 14:51:08 +0000] [20954] [INFO] Listening at: unix:/home/ubuntu/things/run/gunicorn.sock (20954)
[2015-10-19 14:51:08 +0000] [20954] [INFO] Using worker: sync
[2015-10-19 14:51:08 +0000] [20963] [INFO] Booting worker with pid: 20963
[2015-10-19 14:51:44 +0000] [20954] [INFO] Handling signal: term
[2015-10-19 07:51:44 -0700] [20963] [INFO] Worker exiting (pid: 20963)
[2015-10-19 14:51:44 +0000] [20954] [INFO] Shutting down: Master
Starting things as root
[2015-10-19 14:51:46 +0000] [20971] [INFO] Starting gunicorn 19.3.0
[2015-10-19 14:51:46 +0000] [20971] [INFO] Listening at: unix:/home/ubuntu/things/run/gunicorn.sock (20971)
[2015-10-19 14:51:46 +0000] [20971] [INFO] Using worker: sync
[2015-10-19 14:51:46 +0000] [20980] [INFO] Booting worker with pid: 20980
[2015-10-19 14:54:15 +0000] [20971] [INFO] Handling signal: term
[2015-10-19 07:54:15 -0700] [20980] [INFO] Worker exiting (pid: 20980)
[2015-10-19 14:54:15 +0000] [20971] [INFO] Shutting down: Master
Starting things as root
[2015-10-19 14:54:16 +0000] [20990] [INFO] Starting gunicorn 19.3.0
[2015-10-19 14:54:16 +0000] [20990] [INFO] Listening at: unix:/home/ubuntu/things/run/gunicorn.sock (20990)
[2015-10-19 14:54:16 +0000] [20990] [INFO] Using worker: sync
[2015-10-19 14:54:16 +0000] [20999] [INFO] Booting worker with pid: 20999
[2015-10-19 14:56:56 +0000] [20990] [INFO] Handling signal: term
[2015-10-19 07:56:56 -0700] [20999] [INFO] Worker exiting (pid: 20999)
[2015-10-19 14:56:56 +0000] [20990] [INFO] Shutting down: Master
Starting things as root
[2015-10-19 14:56:57 +0000] [21009] [INFO] Starting gunicorn 19.3.0
[2015-10-19 14:56:57 +0000] [21009] [INFO] Listening at: unix:/home/ubuntu/things/run/gunicorn.sock (21009)
[2015-10-19 14:56:57 +0000] [21009] [INFO] Using worker: sync
[2015-10-19 14:56:57 +0000] [21018] [INFO] Booting worker with pid: 21018
[2015-10-19 14:59:29 +0000] [21009] [INFO] Handling signal: term
[2015-10-19 07:59:29 -0700] [21018] [INFO] Worker exiting (pid: 21018)
[2015-10-19 14:59:29 +0000] [21009] [INFO] Shutting down: Master
Starting things as root
[2015-10-19 14:59:30 +0000] [21026] [INFO] Starting gunicorn 19.3.0
[2015-10-19 14:59:30 +0000] [21026] [INFO] Listening at: unix:/home/ubuntu/things/run/gunicorn.sock (21026)
[2015-10-19 14:59:30 +0000] [21026] [INFO] Using worker: sync
[2015-10-19 14:59:30 +0000] [21035] [INFO] Booting worker with pid: 21035
[2015-10-19 15:01:28 +0000] [21026] [INFO] Handling signal: term
[2015-10-19 08:01:28 -0700] [21035] [INFO] Worker exiting (pid: 21035)
[2015-10-19 15:01:28 +0000] [21026] [INFO] Shutting down: Master
Starting things as root
[2015-10-19 15:01:29 +0000] [21045] [INFO] Starting gunicorn 19.3.0
[2015-10-19 15:01:29 +0000] [21045] [INFO] Listening at: unix:/home/ubuntu/things/run/gunicorn.sock (21045)
[2015-10-19 15:01:29 +0000] [21045] [INFO] Using worker: sync
[2015-10-19 15:01:29 +0000] [21054] [INFO] Booting worker with pid: 21054
[2015-10-19 15:02:24 +0000] [21045] [INFO] Handling signal: term
[2015-10-19 08:02:24 -0700] [21054] [INFO] Worker exiting (pid: 21054)
[2015-10-19 15:02:24 +0000] [21045] [INFO] Shutting down: Master
Starting things as root
[2015-10-19 15:02:25 +0000] [21062] [INFO] Starting gunicorn 19.3.0
[2015-10-19 15:02:25 +0000] [21062] [INFO] Listening at: unix:/home/ubuntu/things/run/gunicorn.sock (21062)
[2015-10-19 15:02:25 +0000] [21062] [INFO] Using worker: sync
[2015-10-19 15:02:25 +0000] [21071] [INFO] Booting worker with pid: 21071
[2015-10-19 15:04:03 +0000] [21062] [INFO] Handling signal: term
[2015-10-19 08:04:03 -0700] [21071] [INFO] Worker exiting (pid: 21071)
[2015-10-19 15:04:03 +0000] [21062] [INFO] Shutting down: Master
Starting things as root
[2015-10-19 15:04:04 +0000] [21079] [INFO] Starting gunicorn 19.3.0
[2015-10-19 15:04:04 +0000] [21079] [INFO] Listening at: unix:/home/ubuntu/things/run/gunicorn.sock (21079)
[2015-10-19 15:04:04 +0000] [21079] [INFO] Using worker: sync
[2015-10-19 15:04:04 +0000] [21088] [INFO] Booting worker with pid: 21088
[2015-10-19 15:05:35 +0000] [21079] [INFO] Handling signal: term
[2015-10-19 08:05:35 -0700] [21088] [INFO] Worker exiting (pid: 21088)
[2015-10-19 15:05:35 +0000] [21079] [INFO] Shutting down: Master
Starting things as root
[2015-10-19 15:05:36 +0000] [21096] [INFO] Starting gunicorn 19.3.0
[2015-10-19 15:05:36 +0000] [21096] [INFO] Listening at: unix:/home/ubuntu/things/run/gunicorn.sock (21096)
[2015-10-19 15:05:36 +0000] [21096] [INFO] Using worker: sync
[2015-10-19 15:05:36 +0000] [21105] [INFO] Booting worker with pid: 21105
[2015-10-19 15:06:29 +0000] [21096] [INFO] Handling signal: term
[2015-10-19 08:06:29 -0700] [21105] [INFO] Worker exiting (pid: 21105)
[2015-10-19 15:06:29 +0000] [21096] [INFO] Shutting down: Master
Starting things as root
[2015-10-19 15:06:30 +0000] [21113] [INFO] Starting gunicorn 19.3.0
[2015-10-19 15:06:30 +0000] [21113] [INFO] Listening at: unix:/home/ubuntu/things/run/gunicorn.sock (21113)
[2015-10-19 15:06:30 +0000] [21113] [INFO] Using worker: sync
[2015-10-19 15:06:30 +0000] [21122] [INFO] Booting worker with pid: 21122
[2015-10-19 15:07:39 +0000] [21113] [INFO] Handling signal: term
[2015-10-19 08:07:39 -0700] [21122] [INFO] Worker exiting (pid: 21122)
[2015-10-19 15:07:39 +0000] [21113] [INFO] Shutting down: Master
Starting things as root
[2015-10-19 15:07:40 +0000] [21130] [INFO] Starting gunicorn 19.3.0
[2015-10-19 15:07:40 +0000] [21130] [INFO] Listening at: unix:/home/ubuntu/things/run/gunicorn.sock (21130)
[2015-10-19 15:07:40 +0000] [21130] [INFO] Using worker: sync
[2015-10-19 15:07:40 +0000] [21139] [INFO] Booting worker with pid: 21139
[2015-10-19 15:08:18 +0000] [21130] [INFO] Handling signal: term
[2015-10-19 08:08:18 -0700] [21139] [INFO] Worker exiting (pid: 21139)
[2015-10-19 15:08:18 +0000] [21130] [INFO] Shutting down: Master
Starting things as root
[2015-10-19 15:08:19 +0000] [21147] [INFO] Starting gunicorn 19.3.0
[2015-10-19 15:08:19 +0000] [21147] [INFO] Listening at: unix:/home/ubuntu/things/run/gunicorn.sock (21147)
[2015-10-19 15:08:19 +0000] [21147] [INFO] Using worker: sync
[2015-10-19 15:08:19 +0000] [21156] [INFO] Booting worker with pid: 21156
[2015-10-19 15:09:05 +0000] [21147] [INFO] Handling signal: term
[2015-10-19 08:09:05 -0700] [21156] [INFO] Worker exiting (pid: 21156)
[2015-10-19 15:09:05 +0000] [21147] [INFO] Shutting down: Master
Starting things as root
[2015-10-19 15:09:06 +0000] [21164] [INFO] Starting gunicorn 19.3.0
[2015-10-19 15:09:06 +0000] [21164] [INFO] Listening at: unix:/home/ubuntu/things/run/gunicorn.sock (21164)
[2015-10-19 15:09:06 +0000] [21164] [INFO] Using worker: sync
[2015-10-19 15:09:06 +0000] [21173] [INFO] Booting worker with pid: 21173
[2015-10-19 15:37:42 +0000] [21164] [INFO] Handling signal: term
[2015-10-19 08:37:42 -0700] [21173] [INFO] Worker exiting (pid: 21173)
[2015-10-19 15:37:42 +0000] [21164] [INFO] Shutting down: Master
Starting things as root
[2015-10-19 15:37:43 +0000] [21247] [INFO] Starting gunicorn 19.3.0
[2015-10-19 15:37:43 +0000] [21247] [INFO] Listening at: unix:/home/ubuntu/things/run/gunicorn.sock (21247)
[2015-10-19 15:37:43 +0000] [21247] [INFO] Using worker: sync
[2015-10-19 15:37:43 +0000] [21256] [INFO] Booting worker with pid: 21256
[2015-10-19 16:04:04 +0000] [21247] [INFO] Handling signal: term
[2015-10-19 09:04:04 -0700] [21256] [INFO] Worker exiting (pid: 21256)
[2015-10-19 16:04:04 +0000] [21247] [INFO] Shutting down: Master
Starting things as root
[2015-10-19 16:04:05 +0000] [21575] [INFO] Starting gunicorn 19.3.0
[2015-10-19 16:04:05 +0000] [21575] [INFO] Listening at: unix:/home/ubuntu/things/run/gunicorn.sock (21575)
[2015-10-19 16:04:05 +0000] [21575] [INFO] Using worker: sync
[2015-10-19 16:04:05 +0000] [21584] [INFO] Booting worker with pid: 21584
[2015-10-19 16:06:40 +0000] [21575] [INFO] Handling signal: term
[2015-10-19 09:06:40 -0700] [21584] [INFO] Worker exiting (pid: 21584)
[2015-10-19 16:06:40 +0000] [21575] [INFO] Shutting down: Master
Starting things as root
[2015-10-19 16:06:41 +0000] [21589] [INFO] Starting gunicorn 19.3.0
[2015-10-19 16:06:41 +0000] [21589] [INFO] Listening at: unix:/home/ubuntu/things/run/gunicorn.sock (21589)
[2015-10-19 16:06:41 +0000] [21589] [INFO] Using worker: sync
[2015-10-19 16:06:41 +0000] [21598] [INFO] Booting worker with pid: 21598
[2015-10-19 16:19:08 +0000] [21589] [INFO] Handling signal: term
[2015-10-19 09:19:08 -0700] [21598] [INFO] Worker exiting (pid: 21598)
[2015-10-19 16:19:08 +0000] [21589] [INFO] Shutting down: Master
Starting things as root
[2015-10-19 16:19:09 +0000] [21848] [INFO] Starting gunicorn 19.3.0
[2015-10-19 16:19:09 +0000] [21848] [INFO] Listening at: unix:/home/ubuntu/things/run/gunicorn.sock (21848)
[2015-10-19 16:19:09 +0000] [21848] [INFO] Using worker: sync
[2015-10-19 16:19:09 +0000] [21857] [INFO] Booting worker with pid: 21857
[2015-10-19 16:21:57 +0000] [21848] [INFO] Handling signal: term
[2015-10-19 09:21:57 -0700] [21857] [INFO] Worker exiting (pid: 21857)
[2015-10-19 16:21:57 +0000] [21848] [INFO] Shutting down: Master
Starting things as root
[2015-10-19 16:21:58 +0000] [21914] [INFO] Starting gunicorn 19.3.0
[2015-10-19 16:21:58 +0000] [21914] [INFO] Listening at: unix:/home/ubuntu/things/run/gunicorn.sock (21914)
[2015-10-19 16:21:58 +0000] [21914] [INFO] Using worker: sync
[2015-10-19 16:21:58 +0000] [21923] [INFO] Booting worker with pid: 21923
[2015-10-19 16:23:13 +0000] [21914] [INFO] Handling signal: term
[2015-10-19 09:23:13 -0700] [21923] [INFO] Worker exiting (pid: 21923)
[2015-10-19 16:23:13 +0000] [21914] [INFO] Shutting down: Master
Starting things as root
[2015-10-19 16:23:14 +0000] [21942] [INFO] Starting gunicorn 19.3.0
[2015-10-19 16:23:14 +0000] [21942] [INFO] Listening at: unix:/home/ubuntu/things/run/gunicorn.sock (21942)
[2015-10-19 16:23:14 +0000] [21942] [INFO] Using worker: sync
[2015-10-19 16:23:14 +0000] [21951] [INFO] Booting worker with pid: 21951
[2015-10-19 16:30:38 +0000] [21942] [INFO] Handling signal: term
[2015-10-19 09:30:38 -0700] [21951] [INFO] Worker exiting (pid: 21951)
[2015-10-19 16:30:38 +0000] [21942] [INFO] Shutting down: Master
Starting things as root
[2015-10-19 16:30:39 +0000] [22030] [INFO] Starting gunicorn 19.3.0
[2015-10-19 16:30:39 +0000] [22030] [INFO] Listening at: unix:/home/ubuntu/things/run/gunicorn.sock (22030)
[2015-10-19 16:30:39 +0000] [22030] [INFO] Using worker: sync
[2015-10-19 16:30:39 +0000] [22039] [INFO] Booting worker with pid: 22039
[2015-10-20 00:41:14 +0000] [22030] [INFO] Handling signal: term
[2015-10-19 17:41:14 -0700] [22039] [INFO] Worker exiting (pid: 22039)
[2015-10-20 00:41:14 +0000] [22030] [INFO] Shutting down: Master
Starting things as root
[2015-10-20 00:41:15 +0000] [22685] [INFO] Starting gunicorn 19.3.0
[2015-10-20 00:41:15 +0000] [22685] [INFO] Listening at: unix:/home/ubuntu/things/run/gunicorn.sock (22685)
[2015-10-20 00:41:15 +0000] [22685] [INFO] Using worker: sync
[2015-10-20 00:41:15 +0000] [22694] [INFO] Booting worker with pid: 22694
[2015-10-20 00:50:48 +0000] [22685] [INFO] Handling signal: term
[2015-10-19 17:50:48 -0700] [22694] [INFO] Worker exiting (pid: 22694)
[2015-10-20 00:50:48 +0000] [22685] [INFO] Shutting down: Master
Starting things as root
[2015-10-20 00:50:50 +0000] [22841] [INFO] Starting gunicorn 19.3.0
[2015-10-20 00:50:50 +0000] [22841] [INFO] Listening at: unix:/home/ubuntu/things/run/gunicorn.sock (22841)
[2015-10-20 00:50:50 +0000] [22841] [INFO] Using worker: sync
[2015-10-20 00:50:50 +0000] [22850] [INFO] Booting worker with pid: 22850
[2015-10-20 00:56:10 +0000] [22841] [INFO] Handling signal: term
[2015-10-19 17:56:10 -0700] [22850] [INFO] Worker exiting (pid: 22850)
[2015-10-20 00:56:10 +0000] [22841] [INFO] Shutting down: Master
Starting things as root
[2015-10-20 00:56:11 +0000] [23004] [INFO] Starting gunicorn 19.3.0
[2015-10-20 00:56:11 +0000] [23004] [INFO] Listening at: unix:/home/ubuntu/things/run/gunicorn.sock (23004)
[2015-10-20 00:56:11 +0000] [23004] [INFO] Using worker: sync
[2015-10-20 00:56:11 +0000] [23013] [INFO] Booting worker with pid: 23013
[2015-10-20 04:19:56 +0000] [23004] [INFO] Handling signal: term
[2015-10-19 21:19:56 -0700] [23013] [INFO] Worker exiting (pid: 23013)
[2015-10-20 04:19:56 +0000] [23004] [INFO] Shutting down: Master
Starting things as root
[2015-10-20 04:19:57 +0000] [23161] [INFO] Starting gunicorn 19.3.0
[2015-10-20 04:19:57 +0000] [23161] [INFO] Listening at: unix:/home/ubuntu/things/run/gunicorn.sock (23161)
[2015-10-20 04:19:57 +0000] [23161] [INFO] Using worker: sync
[2015-10-20 04:19:57 +0000] [23170] [INFO] Booting worker with pid: 23170
[2015-10-20 15:55:26 +0000] [23161] [INFO] Handling signal: term
[2015-10-20 08:55:26 -0700] [23170] [INFO] Worker exiting (pid: 23170)
[2015-10-20 15:55:26 +0000] [23161] [INFO] Shutting down: Master
Starting things as root
[2015-10-20 15:55:27 +0000] [23877] [INFO] Starting gunicorn 19.3.0
[2015-10-20 15:55:27 +0000] [23877] [INFO] Listening at: unix:/home/ubuntu/things/run/gunicorn.sock (23877)
[2015-10-20 15:55:27 +0000] [23877] [INFO] Using worker: sync
[2015-10-20 15:55:27 +0000] [23886] [INFO] Booting worker with pid: 23886
[2015-10-20 08:55:34 -0700] [23886] [ERROR] Error handling request
Traceback (most recent call last):
  File "/home/ubuntu/things/myv/lib/python3.4/site-packages/django/core/urlresolvers.py", line 394, in urlconf_module
    return self._urlconf_module
AttributeError: 'RegexURLResolver' object has no attribute '_urlconf_module'

During handling of the above exception, another exception occurred:

Traceback (most recent call last):
  File "/home/ubuntu/things/myv/lib/python3.4/site-packages/django/core/handlers/base.py", line 119, in get_response
    resolver_match = resolver.resolve(request.path_info)
  File "/home/ubuntu/things/myv/lib/python3.4/site-packages/django/core/urlresolvers.py", line 366, in resolve
    for pattern in self.url_patterns:
  File "/home/ubuntu/things/myv/lib/python3.4/site-packages/django/core/urlresolvers.py", line 402, in url_patterns
    patterns = getattr(self.urlconf_module, "urlpatterns", self.urlconf_module)
  File "/home/ubuntu/things/myv/lib/python3.4/site-packages/django/core/urlresolvers.py", line 396, in urlconf_module
    self._urlconf_module = import_module(self.urlconf_name)
  File "/home/ubuntu/things/myv/lib/python3.4/importlib/__init__.py", line 109, in import_module
    return _bootstrap._gcd_import(name[level:], package, level)
  File "<frozen importlib._bootstrap>", line 2254, in _gcd_import
  File "<frozen importlib._bootstrap>", line 2237, in _find_and_load
  File "<frozen importlib._bootstrap>", line 2226, in _find_and_load_unlocked
  File "<frozen importlib._bootstrap>", line 1200, in _load_unlocked
  File "<frozen importlib._bootstrap>", line 1129, in _exec
  File "<frozen importlib._bootstrap>", line 1471, in exec_module
  File "<frozen importlib._bootstrap>", line 321, in _call_with_frames_removed
  File "/home/ubuntu/things/things/urls.py", line 25, in <module>
    url(r'^', include('mythings.urls')),
  File "/home/ubuntu/things/myv/lib/python3.4/site-packages/django/conf/urls/__init__.py", line 33, in include
    urlconf_module = import_module(urlconf_module)
  File "/home/ubuntu/things/myv/lib/python3.4/importlib/__init__.py", line 109, in import_module
    return _bootstrap._gcd_import(name[level:], package, level)
  File "<frozen importlib._bootstrap>", line 2254, in _gcd_import
  File "<frozen importlib._bootstrap>", line 2237, in _find_and_load
  File "<frozen importlib._bootstrap>", line 2226, in _find_and_load_unlocked
  File "<frozen importlib._bootstrap>", line 1200, in _load_unlocked
  File "<frozen importlib._bootstrap>", line 1129, in _exec
  File "<frozen importlib._bootstrap>", line 1471, in exec_module
  File "<frozen importlib._bootstrap>", line 321, in _call_with_frames_removed
  File "/home/ubuntu/things/mythings/urls.py", line 14, in <module>
    url(r'^passion/$', views.passion_list, name='passion_list'),
AttributeError: 'module' object has no attribute 'passion_list'

During handling of the above exception, another exception occurred:

Traceback (most recent call last):
  File "/home/ubuntu/things/myv/lib/python3.4/site-packages/django/core/urlresolvers.py", line 394, in urlconf_module
    return self._urlconf_module
AttributeError: 'RegexURLResolver' object has no attribute '_urlconf_module'

During handling of the above exception, another exception occurred:

Traceback (most recent call last):
  File "/home/ubuntu/things/myv/lib/python3.4/site-packages/gunicorn/workers/sync.py", line 130, in handle
    self.handle_request(listener, req, client, addr)
  File "/home/ubuntu/things/myv/lib/python3.4/site-packages/gunicorn/workers/sync.py", line 171, in handle_request
    respiter = self.wsgi(environ, resp.start_response)
  File "/home/ubuntu/things/myv/lib/python3.4/site-packages/django/core/handlers/wsgi.py", line 189, in __call__
    response = self.get_response(request)
  File "/home/ubuntu/things/myv/lib/python3.4/site-packages/django/core/handlers/base.py", line 218, in get_response
    response = self.handle_uncaught_exception(request, resolver, sys.exc_info())
  File "/home/ubuntu/things/myv/lib/python3.4/site-packages/django/core/handlers/base.py", line 264, in handle_uncaught_exception
    if resolver.urlconf_module is None:
  File "/home/ubuntu/things/myv/lib/python3.4/site-packages/django/core/urlresolvers.py", line 396, in urlconf_module
    self._urlconf_module = import_module(self.urlconf_name)
  File "/home/ubuntu/things/myv/lib/python3.4/importlib/__init__.py", line 109, in import_module
    return _bootstrap._gcd_import(name[level:], package, level)
  File "<frozen importlib._bootstrap>", line 2254, in _gcd_import
  File "<frozen importlib._bootstrap>", line 2237, in _find_and_load
  File "<frozen importlib._bootstrap>", line 2226, in _find_and_load_unlocked
  File "<frozen importlib._bootstrap>", line 1200, in _load_unlocked
  File "<frozen importlib._bootstrap>", line 1129, in _exec
  File "<frozen importlib._bootstrap>", line 1471, in exec_module
  File "<frozen importlib._bootstrap>", line 321, in _call_with_frames_removed
  File "/home/ubuntu/things/things/urls.py", line 25, in <module>
    url(r'^', include('mythings.urls')),
  File "/home/ubuntu/things/myv/lib/python3.4/site-packages/django/conf/urls/__init__.py", line 33, in include
    urlconf_module = import_module(urlconf_module)
  File "/home/ubuntu/things/myv/lib/python3.4/importlib/__init__.py", line 109, in import_module
    return _bootstrap._gcd_import(name[level:], package, level)
  File "<frozen importlib._bootstrap>", line 2254, in _gcd_import
  File "<frozen importlib._bootstrap>", line 2237, in _find_and_load
  File "<frozen importlib._bootstrap>", line 2226, in _find_and_load_unlocked
  File "<frozen importlib._bootstrap>", line 1200, in _load_unlocked
  File "<frozen importlib._bootstrap>", line 1129, in _exec
  File "<frozen importlib._bootstrap>", line 1471, in exec_module
  File "<frozen importlib._bootstrap>", line 321, in _call_with_frames_removed
  File "/home/ubuntu/things/mythings/urls.py", line 14, in <module>
    url(r'^passion/$', views.passion_list, name='passion_list'),
AttributeError: 'module' object has no attribute 'passion_list'
[2015-10-20 08:55:48 -0700] [23886] [ERROR] Error handling request
Traceback (most recent call last):
  File "/home/ubuntu/things/myv/lib/python3.4/site-packages/django/core/urlresolvers.py", line 394, in urlconf_module
    return self._urlconf_module
AttributeError: 'RegexURLResolver' object has no attribute '_urlconf_module'

During handling of the above exception, another exception occurred:

Traceback (most recent call last):
  File "/home/ubuntu/things/myv/lib/python3.4/site-packages/django/core/handlers/base.py", line 119, in get_response
    resolver_match = resolver.resolve(request.path_info)
  File "/home/ubuntu/things/myv/lib/python3.4/site-packages/django/core/urlresolvers.py", line 366, in resolve
    for pattern in self.url_patterns:
  File "/home/ubuntu/things/myv/lib/python3.4/site-packages/django/core/urlresolvers.py", line 402, in url_patterns
    patterns = getattr(self.urlconf_module, "urlpatterns", self.urlconf_module)
  File "/home/ubuntu/things/myv/lib/python3.4/site-packages/django/core/urlresolvers.py", line 396, in urlconf_module
    self._urlconf_module = import_module(self.urlconf_name)
  File "/home/ubuntu/things/myv/lib/python3.4/importlib/__init__.py", line 109, in import_module
    return _bootstrap._gcd_import(name[level:], package, level)
  File "<frozen importlib._bootstrap>", line 2254, in _gcd_import
  File "<frozen importlib._bootstrap>", line 2237, in _find_and_load
  File "<frozen importlib._bootstrap>", line 2226, in _find_and_load_unlocked
  File "<frozen importlib._bootstrap>", line 1200, in _load_unlocked
  File "<frozen importlib._bootstrap>", line 1129, in _exec
  File "<frozen importlib._bootstrap>", line 1471, in exec_module
  File "<frozen importlib._bootstrap>", line 321, in _call_with_frames_removed
  File "/home/ubuntu/things/things/urls.py", line 25, in <module>
    url(r'^', include('mythings.urls')),
  File "/home/ubuntu/things/myv/lib/python3.4/site-packages/django/conf/urls/__init__.py", line 33, in include
    urlconf_module = import_module(urlconf_module)
  File "/home/ubuntu/things/myv/lib/python3.4/importlib/__init__.py", line 109, in import_module
    return _bootstrap._gcd_import(name[level:], package, level)
  File "<frozen importlib._bootstrap>", line 2254, in _gcd_import
  File "<frozen importlib._bootstrap>", line 2237, in _find_and_load
  File "<frozen importlib._bootstrap>", line 2226, in _find_and_load_unlocked
  File "<frozen importlib._bootstrap>", line 1200, in _load_unlocked
  File "<frozen importlib._bootstrap>", line 1129, in _exec
  File "<frozen importlib._bootstrap>", line 1471, in exec_module
  File "<frozen importlib._bootstrap>", line 321, in _call_with_frames_removed
  File "/home/ubuntu/things/mythings/urls.py", line 14, in <module>
    url(r'^passion/$', views.passion_list, name='passion_list'),
AttributeError: 'module' object has no attribute 'passion_list'

During handling of the above exception, another exception occurred:

Traceback (most recent call last):
  File "/home/ubuntu/things/myv/lib/python3.4/site-packages/django/core/urlresolvers.py", line 394, in urlconf_module
    return self._urlconf_module
AttributeError: 'RegexURLResolver' object has no attribute '_urlconf_module'

During handling of the above exception, another exception occurred:

Traceback (most recent call last):
  File "/home/ubuntu/things/myv/lib/python3.4/site-packages/gunicorn/workers/sync.py", line 130, in handle
    self.handle_request(listener, req, client, addr)
  File "/home/ubuntu/things/myv/lib/python3.4/site-packages/gunicorn/workers/sync.py", line 171, in handle_request
    respiter = self.wsgi(environ, resp.start_response)
  File "/home/ubuntu/things/myv/lib/python3.4/site-packages/django/core/handlers/wsgi.py", line 189, in __call__
    response = self.get_response(request)
  File "/home/ubuntu/things/myv/lib/python3.4/site-packages/django/core/handlers/base.py", line 218, in get_response
    response = self.handle_uncaught_exception(request, resolver, sys.exc_info())
  File "/home/ubuntu/things/myv/lib/python3.4/site-packages/django/core/handlers/base.py", line 264, in handle_uncaught_exception
    if resolver.urlconf_module is None:
  File "/home/ubuntu/things/myv/lib/python3.4/site-packages/django/core/urlresolvers.py", line 396, in urlconf_module
    self._urlconf_module = import_module(self.urlconf_name)
  File "/home/ubuntu/things/myv/lib/python3.4/importlib/__init__.py", line 109, in import_module
    return _bootstrap._gcd_import(name[level:], package, level)
  File "<frozen importlib._bootstrap>", line 2254, in _gcd_import
  File "<frozen importlib._bootstrap>", line 2237, in _find_and_load
  File "<frozen importlib._bootstrap>", line 2226, in _find_and_load_unlocked
  File "<frozen importlib._bootstrap>", line 1200, in _load_unlocked
  File "<frozen importlib._bootstrap>", line 1129, in _exec
  File "<frozen importlib._bootstrap>", line 1471, in exec_module
  File "<frozen importlib._bootstrap>", line 321, in _call_with_frames_removed
  File "/home/ubuntu/things/things/urls.py", line 25, in <module>
    url(r'^', include('mythings.urls')),
  File "/home/ubuntu/things/myv/lib/python3.4/site-packages/django/conf/urls/__init__.py", line 33, in include
    urlconf_module = import_module(urlconf_module)
  File "/home/ubuntu/things/myv/lib/python3.4/importlib/__init__.py", line 109, in import_module
    return _bootstrap._gcd_import(name[level:], package, level)
  File "<frozen importlib._bootstrap>", line 2254, in _gcd_import
  File "<frozen importlib._bootstrap>", line 2237, in _find_and_load
  File "<frozen importlib._bootstrap>", line 2226, in _find_and_load_unlocked
  File "<frozen importlib._bootstrap>", line 1200, in _load_unlocked
  File "<frozen importlib._bootstrap>", line 1129, in _exec
  File "<frozen importlib._bootstrap>", line 1471, in exec_module
  File "<frozen importlib._bootstrap>", line 321, in _call_with_frames_removed
  File "/home/ubuntu/things/mythings/urls.py", line 14, in <module>
    url(r'^passion/$', views.passion_list, name='passion_list'),
AttributeError: 'module' object has no attribute 'passion_list'
[2015-10-20 08:55:48 -0700] [23886] [ERROR] Error handling request
Traceback (most recent call last):
  File "/home/ubuntu/things/myv/lib/python3.4/site-packages/django/core/urlresolvers.py", line 394, in urlconf_module
    return self._urlconf_module
AttributeError: 'RegexURLResolver' object has no attribute '_urlconf_module'

During handling of the above exception, another exception occurred:

Traceback (most recent call last):
  File "/home/ubuntu/things/myv/lib/python3.4/site-packages/django/core/handlers/base.py", line 119, in get_response
    resolver_match = resolver.resolve(request.path_info)
  File "/home/ubuntu/things/myv/lib/python3.4/site-packages/django/core/urlresolvers.py", line 366, in resolve
    for pattern in self.url_patterns:
  File "/home/ubuntu/things/myv/lib/python3.4/site-packages/django/core/urlresolvers.py", line 402, in url_patterns
    patterns = getattr(self.urlconf_module, "urlpatterns", self.urlconf_module)
  File "/home/ubuntu/things/myv/lib/python3.4/site-packages/django/core/urlresolvers.py", line 396, in urlconf_module
    self._urlconf_module = import_module(self.urlconf_name)
  File "/home/ubuntu/things/myv/lib/python3.4/importlib/__init__.py", line 109, in import_module
    return _bootstrap._gcd_import(name[level:], package, level)
  File "<frozen importlib._bootstrap>", line 2254, in _gcd_import
  File "<frozen importlib._bootstrap>", line 2237, in _find_and_load
  File "<frozen importlib._bootstrap>", line 2226, in _find_and_load_unlocked
  File "<frozen importlib._bootstrap>", line 1200, in _load_unlocked
  File "<frozen importlib._bootstrap>", line 1129, in _exec
  File "<frozen importlib._bootstrap>", line 1471, in exec_module
  File "<frozen importlib._bootstrap>", line 321, in _call_with_frames_removed
  File "/home/ubuntu/things/things/urls.py", line 25, in <module>
    url(r'^', include('mythings.urls')),
  File "/home/ubuntu/things/myv/lib/python3.4/site-packages/django/conf/urls/__init__.py", line 33, in include
    urlconf_module = import_module(urlconf_module)
  File "/home/ubuntu/things/myv/lib/python3.4/importlib/__init__.py", line 109, in import_module
    return _bootstrap._gcd_import(name[level:], package, level)
  File "<frozen importlib._bootstrap>", line 2254, in _gcd_import
  File "<frozen importlib._bootstrap>", line 2237, in _find_and_load
  File "<frozen importlib._bootstrap>", line 2226, in _find_and_load_unlocked
  File "<frozen importlib._bootstrap>", line 1200, in _load_unlocked
  File "<frozen importlib._bootstrap>", line 1129, in _exec
  File "<frozen importlib._bootstrap>", line 1471, in exec_module
  File "<frozen importlib._bootstrap>", line 321, in _call_with_frames_removed
  File "/home/ubuntu/things/mythings/urls.py", line 14, in <module>
    url(r'^passion/$', views.passion_list, name='passion_list'),
AttributeError: 'module' object has no attribute 'passion_list'

During handling of the above exception, another exception occurred:

Traceback (most recent call last):
  File "/home/ubuntu/things/myv/lib/python3.4/site-packages/django/core/urlresolvers.py", line 394, in urlconf_module
    return self._urlconf_module
AttributeError: 'RegexURLResolver' object has no attribute '_urlconf_module'

During handling of the above exception, another exception occurred:

Traceback (most recent call last):
  File "/home/ubuntu/things/myv/lib/python3.4/site-packages/gunicorn/workers/sync.py", line 130, in handle
    self.handle_request(listener, req, client, addr)
  File "/home/ubuntu/things/myv/lib/python3.4/site-packages/gunicorn/workers/sync.py", line 171, in handle_request
    respiter = self.wsgi(environ, resp.start_response)
  File "/home/ubuntu/things/myv/lib/python3.4/site-packages/django/core/handlers/wsgi.py", line 189, in __call__
    response = self.get_response(request)
  File "/home/ubuntu/things/myv/lib/python3.4/site-packages/django/core/handlers/base.py", line 218, in get_response
    response = self.handle_uncaught_exception(request, resolver, sys.exc_info())
  File "/home/ubuntu/things/myv/lib/python3.4/site-packages/django/core/handlers/base.py", line 264, in handle_uncaught_exception
    if resolver.urlconf_module is None:
  File "/home/ubuntu/things/myv/lib/python3.4/site-packages/django/core/urlresolvers.py", line 396, in urlconf_module
    self._urlconf_module = import_module(self.urlconf_name)
  File "/home/ubuntu/things/myv/lib/python3.4/importlib/__init__.py", line 109, in import_module
    return _bootstrap._gcd_import(name[level:], package, level)
  File "<frozen importlib._bootstrap>", line 2254, in _gcd_import
  File "<frozen importlib._bootstrap>", line 2237, in _find_and_load
  File "<frozen importlib._bootstrap>", line 2226, in _find_and_load_unlocked
  File "<frozen importlib._bootstrap>", line 1200, in _load_unlocked
  File "<frozen importlib._bootstrap>", line 1129, in _exec
  File "<frozen importlib._bootstrap>", line 1471, in exec_module
  File "<frozen importlib._bootstrap>", line 321, in _call_with_frames_removed
  File "/home/ubuntu/things/things/urls.py", line 25, in <module>
    url(r'^', include('mythings.urls')),
  File "/home/ubuntu/things/myv/lib/python3.4/site-packages/django/conf/urls/__init__.py", line 33, in include
    urlconf_module = import_module(urlconf_module)
  File "/home/ubuntu/things/myv/lib/python3.4/importlib/__init__.py", line 109, in import_module
    return _bootstrap._gcd_import(name[level:], package, level)
  File "<frozen importlib._bootstrap>", line 2254, in _gcd_import
  File "<frozen importlib._bootstrap>", line 2237, in _find_and_load
  File "<frozen importlib._bootstrap>", line 2226, in _find_and_load_unlocked
  File "<frozen importlib._bootstrap>", line 1200, in _load_unlocked
  File "<frozen importlib._bootstrap>", line 1129, in _exec
  File "<frozen importlib._bootstrap>", line 1471, in exec_module
  File "<frozen importlib._bootstrap>", line 321, in _call_with_frames_removed
  File "/home/ubuntu/things/mythings/urls.py", line 14, in <module>
    url(r'^passion/$', views.passion_list, name='passion_list'),
AttributeError: 'module' object has no attribute 'passion_list'
[2015-10-20 08:56:10 -0700] [23886] [ERROR] Error handling request
Traceback (most recent call last):
  File "/home/ubuntu/things/myv/lib/python3.4/site-packages/django/core/urlresolvers.py", line 394, in urlconf_module
    return self._urlconf_module
AttributeError: 'RegexURLResolver' object has no attribute '_urlconf_module'

During handling of the above exception, another exception occurred:

Traceback (most recent call last):
  File "/home/ubuntu/things/myv/lib/python3.4/site-packages/django/core/handlers/base.py", line 119, in get_response
    resolver_match = resolver.resolve(request.path_info)
  File "/home/ubuntu/things/myv/lib/python3.4/site-packages/django/core/urlresolvers.py", line 366, in resolve
    for pattern in self.url_patterns:
  File "/home/ubuntu/things/myv/lib/python3.4/site-packages/django/core/urlresolvers.py", line 402, in url_patterns
    patterns = getattr(self.urlconf_module, "urlpatterns", self.urlconf_module)
  File "/home/ubuntu/things/myv/lib/python3.4/site-packages/django/core/urlresolvers.py", line 396, in urlconf_module
    self._urlconf_module = import_module(self.urlconf_name)
  File "/home/ubuntu/things/myv/lib/python3.4/importlib/__init__.py", line 109, in import_module
    return _bootstrap._gcd_import(name[level:], package, level)
  File "<frozen importlib._bootstrap>", line 2254, in _gcd_import
  File "<frozen importlib._bootstrap>", line 2237, in _find_and_load
  File "<frozen importlib._bootstrap>", line 2226, in _find_and_load_unlocked
  File "<frozen importlib._bootstrap>", line 1200, in _load_unlocked
  File "<frozen importlib._bootstrap>", line 1129, in _exec
  File "<frozen importlib._bootstrap>", line 1471, in exec_module
  File "<frozen importlib._bootstrap>", line 321, in _call_with_frames_removed
  File "/home/ubuntu/things/things/urls.py", line 25, in <module>
    url(r'^', include('mythings.urls')),
  File "/home/ubuntu/things/myv/lib/python3.4/site-packages/django/conf/urls/__init__.py", line 33, in include
    urlconf_module = import_module(urlconf_module)
  File "/home/ubuntu/things/myv/lib/python3.4/importlib/__init__.py", line 109, in import_module
    return _bootstrap._gcd_import(name[level:], package, level)
  File "<frozen importlib._bootstrap>", line 2254, in _gcd_import
  File "<frozen importlib._bootstrap>", line 2237, in _find_and_load
  File "<frozen importlib._bootstrap>", line 2226, in _find_and_load_unlocked
  File "<frozen importlib._bootstrap>", line 1200, in _load_unlocked
  File "<frozen importlib._bootstrap>", line 1129, in _exec
  File "<frozen importlib._bootstrap>", line 1471, in exec_module
  File "<frozen importlib._bootstrap>", line 321, in _call_with_frames_removed
  File "/home/ubuntu/things/mythings/urls.py", line 14, in <module>
    url(r'^passion/$', views.passion_list, name='passion_list'),
AttributeError: 'module' object has no attribute 'passion_list'

During handling of the above exception, another exception occurred:

Traceback (most recent call last):
  File "/home/ubuntu/things/myv/lib/python3.4/site-packages/django/core/urlresolvers.py", line 394, in urlconf_module
    return self._urlconf_module
AttributeError: 'RegexURLResolver' object has no attribute '_urlconf_module'

During handling of the above exception, another exception occurred:

Traceback (most recent call last):
  File "/home/ubuntu/things/myv/lib/python3.4/site-packages/gunicorn/workers/sync.py", line 130, in handle
    self.handle_request(listener, req, client, addr)
  File "/home/ubuntu/things/myv/lib/python3.4/site-packages/gunicorn/workers/sync.py", line 171, in handle_request
    respiter = self.wsgi(environ, resp.start_response)
  File "/home/ubuntu/things/myv/lib/python3.4/site-packages/django/core/handlers/wsgi.py", line 189, in __call__
    response = self.get_response(request)
  File "/home/ubuntu/things/myv/lib/python3.4/site-packages/django/core/handlers/base.py", line 218, in get_response
    response = self.handle_uncaught_exception(request, resolver, sys.exc_info())
  File "/home/ubuntu/things/myv/lib/python3.4/site-packages/django/core/handlers/base.py", line 264, in handle_uncaught_exception
    if resolver.urlconf_module is None:
  File "/home/ubuntu/things/myv/lib/python3.4/site-packages/django/core/urlresolvers.py", line 396, in urlconf_module
    self._urlconf_module = import_module(self.urlconf_name)
  File "/home/ubuntu/things/myv/lib/python3.4/importlib/__init__.py", line 109, in import_module
    return _bootstrap._gcd_import(name[level:], package, level)
  File "<frozen importlib._bootstrap>", line 2254, in _gcd_import
  File "<frozen importlib._bootstrap>", line 2237, in _find_and_load
  File "<frozen importlib._bootstrap>", line 2226, in _find_and_load_unlocked
  File "<frozen importlib._bootstrap>", line 1200, in _load_unlocked
  File "<frozen importlib._bootstrap>", line 1129, in _exec
  File "<frozen importlib._bootstrap>", line 1471, in exec_module
  File "<frozen importlib._bootstrap>", line 321, in _call_with_frames_removed
  File "/home/ubuntu/things/things/urls.py", line 25, in <module>
    url(r'^', include('mythings.urls')),
  File "/home/ubuntu/things/myv/lib/python3.4/site-packages/django/conf/urls/__init__.py", line 33, in include
    urlconf_module = import_module(urlconf_module)
  File "/home/ubuntu/things/myv/lib/python3.4/importlib/__init__.py", line 109, in import_module
    return _bootstrap._gcd_import(name[level:], package, level)
  File "<frozen importlib._bootstrap>", line 2254, in _gcd_import
  File "<frozen importlib._bootstrap>", line 2237, in _find_and_load
  File "<frozen importlib._bootstrap>", line 2226, in _find_and_load_unlocked
  File "<frozen importlib._bootstrap>", line 1200, in _load_unlocked
  File "<frozen importlib._bootstrap>", line 1129, in _exec
  File "<frozen importlib._bootstrap>", line 1471, in exec_module
  File "<frozen importlib._bootstrap>", line 321, in _call_with_frames_removed
  File "/home/ubuntu/things/mythings/urls.py", line 14, in <module>
    url(r'^passion/$', views.passion_list, name='passion_list'),
AttributeError: 'module' object has no attribute 'passion_list'
[2015-10-20 08:56:42 -0700] [23886] [ERROR] Error handling request
Traceback (most recent call last):
  File "/home/ubuntu/things/myv/lib/python3.4/site-packages/django/core/urlresolvers.py", line 394, in urlconf_module
    return self._urlconf_module
AttributeError: 'RegexURLResolver' object has no attribute '_urlconf_module'

During handling of the above exception, another exception occurred:

Traceback (most recent call last):
  File "/home/ubuntu/things/myv/lib/python3.4/site-packages/django/core/handlers/base.py", line 119, in get_response
    resolver_match = resolver.resolve(request.path_info)
  File "/home/ubuntu/things/myv/lib/python3.4/site-packages/django/core/urlresolvers.py", line 366, in resolve
    for pattern in self.url_patterns:
  File "/home/ubuntu/things/myv/lib/python3.4/site-packages/django/core/urlresolvers.py", line 402, in url_patterns
    patterns = getattr(self.urlconf_module, "urlpatterns", self.urlconf_module)
  File "/home/ubuntu/things/myv/lib/python3.4/site-packages/django/core/urlresolvers.py", line 396, in urlconf_module
    self._urlconf_module = import_module(self.urlconf_name)
  File "/home/ubuntu/things/myv/lib/python3.4/importlib/__init__.py", line 109, in import_module
    return _bootstrap._gcd_import(name[level:], package, level)
  File "<frozen importlib._bootstrap>", line 2254, in _gcd_import
  File "<frozen importlib._bootstrap>", line 2237, in _find_and_load
  File "<frozen importlib._bootstrap>", line 2226, in _find_and_load_unlocked
  File "<frozen importlib._bootstrap>", line 1200, in _load_unlocked
  File "<frozen importlib._bootstrap>", line 1129, in _exec
  File "<frozen importlib._bootstrap>", line 1471, in exec_module
  File "<frozen importlib._bootstrap>", line 321, in _call_with_frames_removed
  File "/home/ubuntu/things/things/urls.py", line 25, in <module>
    url(r'^', include('mythings.urls')),
  File "/home/ubuntu/things/myv/lib/python3.4/site-packages/django/conf/urls/__init__.py", line 33, in include
    urlconf_module = import_module(urlconf_module)
  File "/home/ubuntu/things/myv/lib/python3.4/importlib/__init__.py", line 109, in import_module
    return _bootstrap._gcd_import(name[level:], package, level)
  File "<frozen importlib._bootstrap>", line 2254, in _gcd_import
  File "<frozen importlib._bootstrap>", line 2237, in _find_and_load
  File "<frozen importlib._bootstrap>", line 2226, in _find_and_load_unlocked
  File "<frozen importlib._bootstrap>", line 1200, in _load_unlocked
  File "<frozen importlib._bootstrap>", line 1129, in _exec
  File "<frozen importlib._bootstrap>", line 1471, in exec_module
  File "<frozen importlib._bootstrap>", line 321, in _call_with_frames_removed
  File "/home/ubuntu/things/mythings/urls.py", line 14, in <module>
    url(r'^passion/$', views.passion_list, name='passion_list'),
AttributeError: 'module' object has no attribute 'passion_list'

During handling of the above exception, another exception occurred:

Traceback (most recent call last):
  File "/home/ubuntu/things/myv/lib/python3.4/site-packages/django/core/urlresolvers.py", line 394, in urlconf_module
    return self._urlconf_module
AttributeError: 'RegexURLResolver' object has no attribute '_urlconf_module'

During handling of the above exception, another exception occurred:

Traceback (most recent call last):
  File "/home/ubuntu/things/myv/lib/python3.4/site-packages/gunicorn/workers/sync.py", line 130, in handle
    self.handle_request(listener, req, client, addr)
  File "/home/ubuntu/things/myv/lib/python3.4/site-packages/gunicorn/workers/sync.py", line 171, in handle_request
    respiter = self.wsgi(environ, resp.start_response)
  File "/home/ubuntu/things/myv/lib/python3.4/site-packages/django/core/handlers/wsgi.py", line 189, in __call__
    response = self.get_response(request)
  File "/home/ubuntu/things/myv/lib/python3.4/site-packages/django/core/handlers/base.py", line 218, in get_response
    response = self.handle_uncaught_exception(request, resolver, sys.exc_info())
  File "/home/ubuntu/things/myv/lib/python3.4/site-packages/django/core/handlers/base.py", line 264, in handle_uncaught_exception
    if resolver.urlconf_module is None:
  File "/home/ubuntu/things/myv/lib/python3.4/site-packages/django/core/urlresolvers.py", line 396, in urlconf_module
    self._urlconf_module = import_module(self.urlconf_name)
  File "/home/ubuntu/things/myv/lib/python3.4/importlib/__init__.py", line 109, in import_module
    return _bootstrap._gcd_import(name[level:], package, level)
  File "<frozen importlib._bootstrap>", line 2254, in _gcd_import
  File "<frozen importlib._bootstrap>", line 2237, in _find_and_load
  File "<frozen importlib._bootstrap>", line 2226, in _find_and_load_unlocked
  File "<frozen importlib._bootstrap>", line 1200, in _load_unlocked
  File "<frozen importlib._bootstrap>", line 1129, in _exec
  File "<frozen importlib._bootstrap>", line 1471, in exec_module
  File "<frozen importlib._bootstrap>", line 321, in _call_with_frames_removed
  File "/home/ubuntu/things/things/urls.py", line 25, in <module>
    url(r'^', include('mythings.urls')),
  File "/home/ubuntu/things/myv/lib/python3.4/site-packages/django/conf/urls/__init__.py", line 33, in include
    urlconf_module = import_module(urlconf_module)
  File "/home/ubuntu/things/myv/lib/python3.4/importlib/__init__.py", line 109, in import_module
    return _bootstrap._gcd_import(name[level:], package, level)
  File "<frozen importlib._bootstrap>", line 2254, in _gcd_import
  File "<frozen importlib._bootstrap>", line 2237, in _find_and_load
  File "<frozen importlib._bootstrap>", line 2226, in _find_and_load_unlocked
  File "<frozen importlib._bootstrap>", line 1200, in _load_unlocked
  File "<frozen importlib._bootstrap>", line 1129, in _exec
  File "<frozen importlib._bootstrap>", line 1471, in exec_module
  File "<frozen importlib._bootstrap>", line 321, in _call_with_frames_removed
  File "/home/ubuntu/things/mythings/urls.py", line 14, in <module>
    url(r'^passion/$', views.passion_list, name='passion_list'),
AttributeError: 'module' object has no attribute 'passion_list'
[2015-10-20 16:03:40 +0000] [23877] [INFO] Handling signal: term
[2015-10-20 09:03:40 -0700] [23886] [INFO] Worker exiting (pid: 23886)
[2015-10-20 16:03:40 +0000] [23877] [INFO] Shutting down: Master
Starting things as root
[2015-10-20 16:03:41 +0000] [24109] [INFO] Starting gunicorn 19.3.0
[2015-10-20 16:03:41 +0000] [24109] [INFO] Listening at: unix:/home/ubuntu/things/run/gunicorn.sock (24109)
[2015-10-20 16:03:41 +0000] [24109] [INFO] Using worker: sync
[2015-10-20 16:03:41 +0000] [24118] [INFO] Booting worker with pid: 24118
[2015-10-20 16:03:48 +0000] [24109] [INFO] Handling signal: term
[2015-10-20 09:03:48 -0700] [24118] [INFO] Worker exiting (pid: 24118)
[2015-10-20 16:03:48 +0000] [24109] [INFO] Shutting down: Master
Starting things as root
[2015-10-20 16:03:51 +0000] [24122] [INFO] Starting gunicorn 19.3.0
[2015-10-20 16:03:51 +0000] [24122] [INFO] Listening at: unix:/home/ubuntu/things/run/gunicorn.sock (24122)
[2015-10-20 16:03:51 +0000] [24122] [INFO] Using worker: sync
[2015-10-20 16:03:51 +0000] [24131] [INFO] Booting worker with pid: 24131
[2015-10-20 16:24:38 +0000] [24122] [INFO] Handling signal: term
[2015-10-20 09:24:38 -0700] [24131] [INFO] Worker exiting (pid: 24131)
[2015-10-20 16:24:38 +0000] [24122] [INFO] Shutting down: Master
Starting things as root
[2015-10-20 16:24:40 +0000] [24296] [INFO] Starting gunicorn 19.3.0
[2015-10-20 16:24:40 +0000] [24296] [INFO] Listening at: unix:/home/ubuntu/things/run/gunicorn.sock (24296)
[2015-10-20 16:24:40 +0000] [24296] [INFO] Using worker: sync
[2015-10-20 16:24:40 +0000] [24305] [INFO] Booting worker with pid: 24305
[2015-10-20 16:33:36 +0000] [24296] [INFO] Handling signal: term
[2015-10-20 09:33:36 -0700] [24305] [INFO] Worker exiting (pid: 24305)
[2015-10-20 16:33:36 +0000] [24296] [INFO] Shutting down: Master
Starting things as root
[2015-10-20 16:33:37 +0000] [24406] [INFO] Starting gunicorn 19.3.0
[2015-10-20 16:33:37 +0000] [24406] [INFO] Listening at: unix:/home/ubuntu/things/run/gunicorn.sock (24406)
[2015-10-20 16:33:37 +0000] [24406] [INFO] Using worker: sync
[2015-10-20 16:33:37 +0000] [24415] [INFO] Booting worker with pid: 24415
[2015-10-20 16:35:07 +0000] [24406] [INFO] Handling signal: term
[2015-10-20 09:35:07 -0700] [24415] [INFO] Worker exiting (pid: 24415)
[2015-10-20 16:35:07 +0000] [24406] [INFO] Shutting down: Master
Starting things as root
[2015-10-20 16:35:08 +0000] [24428] [INFO] Starting gunicorn 19.3.0
[2015-10-20 16:35:08 +0000] [24428] [INFO] Listening at: unix:/home/ubuntu/things/run/gunicorn.sock (24428)
[2015-10-20 16:35:08 +0000] [24428] [INFO] Using worker: sync
[2015-10-20 16:35:08 +0000] [24437] [INFO] Booting worker with pid: 24437
[2015-10-20 16:36:14 +0000] [24428] [INFO] Handling signal: term
[2015-10-20 09:36:14 -0700] [24437] [INFO] Worker exiting (pid: 24437)
[2015-10-20 16:36:14 +0000] [24428] [INFO] Shutting down: Master
Starting things as root
[2015-10-20 16:36:15 +0000] [24468] [INFO] Starting gunicorn 19.3.0
[2015-10-20 16:36:15 +0000] [24468] [INFO] Listening at: unix:/home/ubuntu/things/run/gunicorn.sock (24468)
[2015-10-20 16:36:15 +0000] [24468] [INFO] Using worker: sync
[2015-10-20 16:36:15 +0000] [24477] [INFO] Booting worker with pid: 24477
[2015-10-20 16:39:39 +0000] [24468] [INFO] Handling signal: term
[2015-10-20 09:39:39 -0700] [24477] [INFO] Worker exiting (pid: 24477)
[2015-10-20 16:39:39 +0000] [24468] [INFO] Shutting down: Master
Starting things as root
[2015-10-20 16:39:40 +0000] [24488] [INFO] Starting gunicorn 19.3.0
[2015-10-20 16:39:40 +0000] [24488] [INFO] Listening at: unix:/home/ubuntu/things/run/gunicorn.sock (24488)
[2015-10-20 16:39:40 +0000] [24488] [INFO] Using worker: sync
[2015-10-20 16:39:40 +0000] [24497] [INFO] Booting worker with pid: 24497
[2015-10-20 16:41:45 +0000] [24488] [INFO] Handling signal: term
[2015-10-20 09:41:45 -0700] [24497] [INFO] Worker exiting (pid: 24497)
[2015-10-20 16:41:45 +0000] [24488] [INFO] Shutting down: Master
Starting things as root
[2015-10-20 16:41:47 +0000] [24507] [INFO] Starting gunicorn 19.3.0
[2015-10-20 16:41:47 +0000] [24507] [INFO] Listening at: unix:/home/ubuntu/things/run/gunicorn.sock (24507)
[2015-10-20 16:41:47 +0000] [24507] [INFO] Using worker: sync
[2015-10-20 16:41:47 +0000] [24516] [INFO] Booting worker with pid: 24516
[2015-10-20 16:43:46 +0000] [24507] [INFO] Handling signal: term
[2015-10-20 09:43:46 -0700] [24516] [INFO] Worker exiting (pid: 24516)
[2015-10-20 16:43:46 +0000] [24507] [INFO] Shutting down: Master
Starting things as root
[2015-10-20 16:43:47 +0000] [24527] [INFO] Starting gunicorn 19.3.0
[2015-10-20 16:43:47 +0000] [24527] [INFO] Listening at: unix:/home/ubuntu/things/run/gunicorn.sock (24527)
[2015-10-20 16:43:47 +0000] [24527] [INFO] Using worker: sync
[2015-10-20 16:43:47 +0000] [24536] [INFO] Booting worker with pid: 24536
[2015-10-20 16:47:18 +0000] [24527] [INFO] Handling signal: term
[2015-10-20 09:47:18 -0700] [24536] [INFO] Worker exiting (pid: 24536)
[2015-10-20 16:47:18 +0000] [24527] [INFO] Shutting down: Master
Starting things as root
[2015-10-20 19:46:08 +0000] [24725] [INFO] Starting gunicorn 19.3.0
[2015-10-20 19:46:08 +0000] [24725] [INFO] Listening at: unix:/home/ubuntu/things/run/gunicorn.sock (24725)
[2015-10-20 19:46:08 +0000] [24725] [INFO] Using worker: sync
[2015-10-20 19:46:08 +0000] [24734] [INFO] Booting worker with pid: 24734
[2015-10-20 19:46:17 +0000] [24725] [INFO] Handling signal: term
[2015-10-20 12:46:17 -0700] [24734] [INFO] Worker exiting (pid: 24734)
[2015-10-20 19:46:17 +0000] [24725] [INFO] Shutting down: Master
Starting things as root
[2015-10-20 19:46:18 +0000] [24738] [INFO] Starting gunicorn 19.3.0
[2015-10-20 19:46:18 +0000] [24738] [INFO] Listening at: unix:/home/ubuntu/things/run/gunicorn.sock (24738)
[2015-10-20 19:46:18 +0000] [24738] [INFO] Using worker: sync
[2015-10-20 19:46:18 +0000] [24747] [INFO] Booting worker with pid: 24747
